<?xml version="1.0" encoding="UTF-8"?>
<!-- Generated by org.testng.reporters.JUnitReportReporter -->
<testsuite hostname="DESKTOP-1A0K5DH" failures="0" tests="4" name="day1.HTTPRequests" time="4.771" errors="0" timestamp="2023-01-02T22:04:20 EST" skipped="0">
  <testcase classname="day1.HTTPRequests" name="getUsers" time="3.331"/>
  <system-out/>
  <testcase classname="day1.HTTPRequests" name="createUser" time="0.789"/>
  <system-out/>
  <testcase classname="day1.HTTPRequests" name="updateUser" time="0.327"/>
  <system-out/>
  <testcase classname="day1.HTTPRequests" name="deleteUser" time="0.324"/>
  <system-out/>
</testsuite> <!-- day1.HTTPRequests -->
